-------------------------------------------------------------------------------
Test set: com.Jarmison.Desafio.Npi.Tecnologia.ApplicationTests
-------------------------------------------------------------------------------
Tests run: 1, Failures: 0, Errors: 1, Skipped: 0, Time elapsed: 1.747 s <<< FAILURE! - in com.Jarmison.Desafio.Npi.Tecnologia.ApplicationTests
contextLoads  Time elapsed: 0.005 s  <<< ERROR!
java.lang.IllegalStateException: Failed to load ApplicationContext
Caused by: org.springframework.beans.factory.UnsatisfiedDependencyException: Error creating bean with name 'dependenteController': Unsatisfied dependency expressed through field 'dependenteServico'; nested exception is org.springframework.beans.factory.UnsatisfiedDependencyException: Error creating bean with name 'dependenteServico': Unsatisfied dependency expressed through field 'depedenteRepository'; nested exception is org.springframework.beans.factory.BeanCreationException: Error creating bean with name 'depedenteRepository' defined in com.Jarmison.Desafio.Npi.Tecnologia.Repository.DepedenteRepository defined in @EnableJpaRepositories declared on JpaRepositoriesRegistrar.EnableJpaRepositoriesConfiguration: Invocation of init method failed; nested exception is java.lang.IllegalArgumentException: Not a managed type: class com.Jarmison.Desafio.Npi.Tecnologia.Entity.Dependente
Caused by: org.springframework.beans.factory.UnsatisfiedDependencyException: Error creating bean with name 'dependenteServico': Unsatisfied dependency expressed through field 'depedenteRepository'; nested exception is org.springframework.beans.factory.BeanCreationException: Error creating bean with name 'depedenteRepository' defined in com.Jarmison.Desafio.Npi.Tecnologia.Repository.DepedenteRepository defined in @EnableJpaRepositories declared on JpaRepositoriesRegistrar.EnableJpaRepositoriesConfiguration: Invocation of init method failed; nested exception is java.lang.IllegalArgumentException: Not a managed type: class com.Jarmison.Desafio.Npi.Tecnologia.Entity.Dependente
Caused by: org.springframework.beans.factory.BeanCreationException: Error creating bean with name 'depedenteRepository' defined in com.Jarmison.Desafio.Npi.Tecnologia.Repository.DepedenteRepository defined in @EnableJpaRepositories declared on JpaRepositoriesRegistrar.EnableJpaRepositoriesConfiguration: Invocation of init method failed; nested exception is java.lang.IllegalArgumentException: Not a managed type: class com.Jarmison.Desafio.Npi.Tecnologia.Entity.Dependente
Caused by: java.lang.IllegalArgumentException: Not a managed type: class com.Jarmison.Desafio.Npi.Tecnologia.Entity.Dependente

